
> goolhaven-hp-tracker@0.0.0 lint /Users/thomas_williams/personal/gloomhavenHp
> DEBUG='eslint-plugin-import:resolver:webpack' eslint --ignore-path .gitignore --ext .jsx,.js --debug .


/Users/thomas_williams/personal/gloomhavenHp/src/components/Desktop/AddMonster/index.jsx
   3:1   error  'Util' should be listed in the project's dependencies. Run 'npm i -S Util' to add it              import/no-extraneous-dependencies
   3:39  error  Unable to resolve path to module 'Util/css'                                                       import/no-unresolved
   3:39  error  Missing file extension for "Util/css"                                                             import/extensions
   4:1   error  'Containers' should be listed in the project's dependencies. Run 'npm i -S Containers' to add it  import/no-extraneous-dependencies
   4:39  error  Missing file extension for "Containers/createAddMonsterContainer"                                 import/extensions
   4:39  error  Unable to resolve path to module 'Containers/createAddMonsterContainer'                           import/no-unresolved
  29:16  error  'submit' is missing in props validation                                                           react/prop-types
  40:31  error  'createInputProps' is missing in props validation                                                 react/prop-types
  41:31  error  'createInputProps' is missing in props validation                                                 react/prop-types
  42:31  error  'createInputProps' is missing in props validation                                                 react/prop-types
  43:31  error  'createInputProps' is missing in props validation                                                 react/prop-types

/Users/thomas_williams/personal/gloomhavenHp/src/components/Desktop/AddMonster/Input.jsx
   2:1   error  'Util' should be listed in the project's dependencies. Run 'npm i -S Util' to add it  import/no-extraneous-dependencies
   2:39  error  Unable to resolve path to module 'Util/css'                                           import/no-unresolved
   2:39  error  Missing file extension for "Util/css"                                                 import/extensions
  18:11  error  'value' is assigned a value but never used                                            no-unused-vars
  18:11  error  'value' is missing in props validation                                                react/prop-types
  18:18  error  'number' is assigned a value but never used                                           no-unused-vars
  18:18  error  'number' is missing in props validation                                               react/prop-types
  18:26  error  'name' is missing in props validation                                                 react/prop-types

/Users/thomas_williams/personal/gloomhavenHp/src/components/Desktop/AddMonster/TextInput.jsx
   2:8   error  'Text' is defined but never used                                                      no-unused-vars
   3:1   error  'Util' should be listed in the project's dependencies. Run 'npm i -S Util' to add it  import/no-extraneous-dependencies
   3:39  error  Unable to resolve path to module 'Util/css'                                           import/no-unresolved
   3:39  error  Missing file extension for "Util/css"                                                 import/extensions
   3:39  error  Absolute imports should come before relative imports                                  import/first
  27:13  error  'number' is missing in props validation                                               react/prop-types
  27:21  error  'onChange' is missing in props validation                                             react/prop-types
  37:13  error  'value' is missing in props validation                                                react/prop-types
  37:20  error  'number' is missing in props validation                                               react/prop-types
  37:28  error  'name' is assigned a value but never used                                             no-unused-vars
  37:28  error  'name' is missing in props validation                                                 react/prop-types
  40:1   error  Line 40 exceeds the maximum line length of 100                                        max-len

/Users/thomas_williams/personal/gloomhavenHp/src/components/Desktop/MonsterTracker/Monster/Monster.jsx
   4:1   error  'Util' should be listed in the project's dependencies. Run 'npm i -S Util' to add it  import/no-extraneous-dependencies
   4:17  error  Unable to resolve path to module 'Util/Row'                                           import/no-unresolved
   4:17  error  Missing file extension for "Util/Row"                                                 import/extensions
   5:1   error  'Util' should be listed in the project's dependencies. Run 'npm i -S Util' to add it  import/no-extraneous-dependencies
   5:8   error  'Section' is defined but never used                                                   no-unused-vars
   5:21  error  Unable to resolve path to module 'Util/Section'                                       import/no-unresolved
   5:21  error  Missing file extension for "Util/Section"                                             import/extensions
   6:1   error  'Util' should be listed in the project's dependencies. Run 'npm i -S Util' to add it  import/no-extraneous-dependencies
   6:39  error  Missing file extension for "Util/css"                                                 import/extensions
   6:39  error  Unable to resolve path to module 'Util/css'                                           import/no-unresolved
  34:20  error  'monster' is missing in props validation                                              react/prop-types

/Users/thomas_williams/personal/gloomhavenHp/src/components/Desktop/MonsterTracker/Monster/MonsterHp.jsx
   3:10  error  'graphql' is defined but never used                                                               no-unused-vars
   5:1   error  'Util' should be listed in the project's dependencies. Run 'npm i -S Util' to add it              import/no-extraneous-dependencies
   5:17  error  Unable to resolve path to module 'Util/Row'                                                       import/no-unresolved
   5:17  error  Missing file extension for "Util/Row"                                                             import/extensions
   6:1   error  'Util' should be listed in the project's dependencies. Run 'npm i -S Util' to add it              import/no-extraneous-dependencies
   6:21  error  Unable to resolve path to module 'Util/Section'                                                   import/no-unresolved
   6:21  error  Missing file extension for "Util/Section"                                                         import/extensions
   7:1   error  'Util' should be listed in the project's dependencies. Run 'npm i -S Util' to add it              import/no-extraneous-dependencies
   7:39  error  Unable to resolve path to module 'Util/css'                                                       import/no-unresolved
   7:39  error  Missing file extension for "Util/css"                                                             import/extensions
   9:1   error  'Containers' should be listed in the project's dependencies. Run 'npm i -S Containers' to add it  import/no-extraneous-dependencies
   9:38  error  Missing file extension for "Containers/createMonsterHpContainer"                                  import/extensions
   9:38  error  Unable to resolve path to module 'Containers/createMonsterHpContainer'                            import/no-unresolved
  25:3   error  Useless constructor                                                                               no-useless-constructor
  30:29  error  'setHp' is missing in props validation                                                            react/prop-types
  34:13  error  'monster' is missing in props validation                                                          react/prop-types
  34:22  error  'getHp' is missing in props validation                                                            react/prop-types
  39:50  error  Multiple spaces found before '{'                                                                  no-multi-spaces

/Users/thomas_williams/personal/gloomhavenHp/src/components/Desktop/MonsterTracker/MonsterGroup.jsx
   2:10  error  'graphql' is defined but never used                                                               no-unused-vars
   5:1   error  'Util' should be listed in the project's dependencies. Run 'npm i -S Util' to add it              import/no-extraneous-dependencies
   5:10  error  'subscribeToData' is defined but never used                                                       no-unused-vars
   5:33  error  Missing file extension for "Util/subscribe"                                                       import/extensions
   5:33  error  Unable to resolve path to module 'Util/subscribe'                                                 import/no-unresolved
   6:1   error  'Util' should be listed in the project's dependencies. Run 'npm i -S Util' to add it              import/no-extraneous-dependencies
   6:39  error  Missing file extension for "Util/css"                                                             import/extensions
   6:39  error  Unable to resolve path to module 'Util/css'                                                       import/no-unresolved
   7:1   error  'Util' should be listed in the project's dependencies. Run 'npm i -S Util' to add it              import/no-extraneous-dependencies
   7:21  error  Unable to resolve path to module 'Util/Section'                                                   import/no-unresolved
   7:21  error  Missing file extension for "Util/Section"                                                         import/extensions
   8:1   error  'Util' should be listed in the project's dependencies. Run 'npm i -S Util' to add it              import/no-extraneous-dependencies
   9:3   error  'findValueIndex' is defined but never used                                                        no-unused-vars
  10:3   error  'addValue' is defined but never used                                                              no-unused-vars
  11:3   error  'updateValue' is defined but never used                                                           no-unused-vars
  12:3   error  'removeValue' is defined but never used                                                           no-unused-vars
  13:8   error  Missing file extension for "Util/list"                                                            import/extensions
  13:8   error  Unable to resolve path to module 'Util/list'                                                      import/no-unresolved
  16:1   error  'Containers' should be listed in the project's dependencies. Run 'npm i -S Containers' to add it  import/no-extraneous-dependencies
  16:35  error  Unable to resolve path to module 'Containers/MonsterGroupContainer'                               import/no-unresolved
  16:35  error  Absolute imports should come before relative imports                                              import/first
  16:35  error  Missing file extension for "Containers/MonsterGroupContainer"                                     import/extensions
  25:1   error  Component should be written as a pure function                                                    react/prefer-stateless-function
  28:7   error  'monsterGroupType' is missing in props validation                                                 react/prop-types
  29:7   error  'monsters' is missing in props validation                                                         react/prop-types

/Users/thomas_williams/personal/gloomhavenHp/src/components/Desktop/MonsterTracker/MonsterTracker.jsx
   2:10  error  'graphql' is defined but never used                                                               no-unused-vars
   7:1   error  'Containers' should be listed in the project's dependencies. Run 'npm i -S Containers' to add it  import/no-extraneous-dependencies
   7:39  error  Absolute imports should come before relative imports                                              import/first
   7:39  error  Unable to resolve path to module 'Containers/AllMonsterGroupsContainer'                           import/no-unresolved
   7:39  error  Missing file extension for "Containers/AllMonsterGroupsContainer"                                 import/extensions
   9:1   error  Component should be written as a pure function                                                    react/prefer-stateless-function
  12:38  error  'monsterGroups' is missing in props validation                                                    react/prop-types
  16:20  error  'monsters' is defined but never used                                                              no-unused-vars

/Users/thomas_williams/personal/gloomhavenHp/src/components/Desktop/Text.jsx
   2:1   error  'Util' should be listed in the project's dependencies. Run 'npm i -S Util' to add it  import/no-extraneous-dependencies
   2:39  error  Unable to resolve path to module 'Util/css'                                           import/no-unresolved
   2:39  error  Missing file extension for "Util/css"                                                 import/extensions
  12:17  error  'children' is missing in props validation                                             react/prop-types

/Users/thomas_williams/personal/gloomhavenHp/src/components/Mobile/AddMonster/AddMonsterMobile.jsx
   2:8   error  'gql' is defined but never used                                                                   no-unused-vars
   3:10  error  'graphql' is defined but never used                                                               no-unused-vars
   4:1   error  'Util' should be listed in the project's dependencies. Run 'npm i -S Util' to add it              import/no-extraneous-dependencies
   4:39  error  Unable to resolve path to module 'Util/css'                                                       import/no-unresolved
   4:39  error  Missing file extension for "Util/css"                                                             import/extensions
   6:1   error  'Containers' should be listed in the project's dependencies. Run 'npm i -S Containers' to add it  import/no-extraneous-dependencies
   6:8   error  'createAddMonsterContainer' is defined but never used                                             no-unused-vars
   6:39  error  Absolute imports should come before relative imports                                              import/first
   6:39  error  Missing file extension for "Containers/createAddMonsterContainer"                                 import/extensions
   6:39  error  Unable to resolve path to module 'Containers/createAddMonsterContainer'                           import/no-unresolved
  24:29  error  'createInputProps' is missing in props validation                                                 react/prop-types
  24:47  error  'submit' is missing in props validation                                                           react/prop-types
  24:55  error  'close' is missing in props validation                                                            react/prop-types
  24:62  error  'group' is missing in props validation                                                            react/prop-types
  29:7   error  Visible, non-interactive elements should not have mouse or keyboard event listeners               jsx-a11y/no-static-element-interactions

/Users/thomas_williams/personal/gloomhavenHp/src/components/Mobile/AddMonster/index.jsx
  2:1   error  'Containers' should be listed in the project's dependencies. Run 'npm i -S Containers' to add it  import/no-extraneous-dependencies
  2:39  error  Absolute imports should come before relative imports                                              import/first
  2:39  error  Unable to resolve path to module 'Containers/createAddMonsterContainer'                           import/no-unresolved
  2:39  error  Missing file extension for "Containers/createAddMonsterContainer"                                 import/extensions

/Users/thomas_williams/personal/gloomhavenHp/src/components/Mobile/AddMonster/Input.jsx
   3:1   error  'Util' should be listed in the project's dependencies. Run 'npm i -S Util' to add it  import/no-extraneous-dependencies
   3:39  error  Absolute imports should come before relative imports                                  import/first
   3:39  error  Unable to resolve path to module 'Util/css'                                           import/no-unresolved
   3:39  error  Missing file extension for "Util/css"                                                 import/extensions
  27:13  error  'number' is missing in props validation                                               react/prop-types
  27:21  error  'onChange' is missing in props validation                                             react/prop-types
  37:13  error  'value' is missing in props validation                                                react/prop-types
  37:20  error  'number' is missing in props validation                                               react/prop-types
  37:28  error  'name' is missing in props validation                                                 react/prop-types
  42:1   error  Line 42 exceeds the maximum line length of 100                                        max-len

/Users/thomas_williams/personal/gloomhavenHp/src/components/Mobile/MobileMonsterTracker/AddMonsterButton.jsx
   1:8   error  'gql' is defined but never used                                                       no-unused-vars
   4:1   error  'Util' should be listed in the project's dependencies. Run 'npm i -S Util' to add it  import/no-extraneous-dependencies
   4:21  error  Absolute imports should come before relative imports                                  import/first
   4:21  error  Unable to resolve path to module 'Util/VCenter'                                       import/no-unresolved
   4:21  error  Missing file extension for "Util/VCenter"                                             import/extensions
   5:1   error  'Util' should be listed in the project's dependencies. Run 'npm i -S Util' to add it  import/no-extraneous-dependencies
   5:39  error  Unable to resolve path to module 'Util/css'                                           import/no-unresolved
   5:39  error  Missing file extension for "Util/css"                                                 import/extensions
   5:39  error  Absolute imports should come before relative imports                                  import/first
  21:29  error  'toggle' is missing in props validation                                               react/prop-types
  24:7   error  Visible, non-interactive elements should not have mouse or keyboard event listeners   jsx-a11y/no-static-element-interactions

/Users/thomas_williams/personal/gloomhavenHp/src/components/Mobile/MobileMonsterTracker/index.jsx
  2:8   error  'ListView' is defined but never used                                                  no-unused-vars
  3:8   error  'ListItem' is defined but never used                                                  no-unused-vars
  6:1   error  'Util' should be listed in the project's dependencies. Run 'npm i -S Util' to add it  import/no-extraneous-dependencies
  6:39  error  Absolute imports should come before relative imports                                  import/first
  6:39  error  Unable to resolve path to module 'Util/css'                                           import/no-unresolved
  6:39  error  Missing file extension for "Util/css"                                                 import/extensions
  7:28  error  Absolute imports should come before relative imports                                  import/first

/Users/thomas_williams/personal/gloomhavenHp/src/components/Mobile/MobileMonsterTracker/ListHeader.jsx
   3:1   error  'Util' should be listed in the project's dependencies. Run 'npm i -S Util' to add it  import/no-extraneous-dependencies
   3:21  error  Absolute imports should come before relative imports                                  import/first
   3:21  error  Unable to resolve path to module 'Util/VCenter'                                       import/no-unresolved
   3:21  error  Missing file extension for "Util/VCenter"                                             import/extensions
   4:1   error  'Util' should be listed in the project's dependencies. Run 'npm i -S Util' to add it  import/no-extraneous-dependencies
   4:10  error  'css' is defined but never used                                                       no-unused-vars
   4:39  error  Absolute imports should come before relative imports                                  import/first
   4:39  error  Unable to resolve path to module 'Util/css'                                           import/no-unresolved
   4:39  error  Missing file extension for "Util/css"                                                 import/extensions
  14:23  error  'children' is missing in props validation                                             react/prop-types

/Users/thomas_williams/personal/gloomhavenHp/src/components/Mobile/MobileMonsterTracker/ListItem.jsx
   3:1   error  'Util' should be listed in the project's dependencies. Run 'npm i -S Util' to add it  import/no-extraneous-dependencies
   3:10  error  'css' is defined but never used                                                       no-unused-vars
   3:39  error  Absolute imports should come before relative imports                                  import/first
   3:39  error  Unable to resolve path to module 'Util/css'                                           import/no-unresolved
   3:39  error  Missing file extension for "Util/css"                                                 import/extensions
  13:21  error  'children' is missing in props validation                                             react/prop-types

/Users/thomas_williams/personal/gloomhavenHp/src/components/Mobile/MobileMonsterTracker/ListRow.jsx
   2:1   error  'Util' should be listed in the project's dependencies. Run 'npm i -S Util' to add it  import/no-extraneous-dependencies
   2:39  error  Unable to resolve path to module 'Util/css'                                           import/no-unresolved
   2:39  error  Missing file extension for "Util/css"                                                 import/extensions
  11:20  error  'addedStyles' is missing in props validation                                          react/prop-types
  11:33  error  'children' is missing in props validation                                             react/prop-types

/Users/thomas_williams/personal/gloomhavenHp/src/components/Mobile/MobileMonsterTracker/ListSection.jsx
   3:1   error  'Util' should be listed in the project's dependencies. Run 'npm i -S Util' to add it  import/no-extraneous-dependencies
   3:39  error  Unable to resolve path to module 'Util/css'                                           import/no-unresolved
   3:39  error  Missing file extension for "Util/css"                                                 import/extensions
  18:26  error  Unexpected mix of '/' and '*'                                                         no-mixed-operators
  18:42  error  Unexpected mix of '/' and '*'                                                         no-mixed-operators

/Users/thomas_williams/personal/gloomhavenHp/src/components/Mobile/MobileMonsterTracker/ListView.jsx
  2:8   error  'PropTypes' is defined but never used           no-unused-vars
  3:8   error  'ListRow' is defined but never used             no-unused-vars
  5:1   error  Component should be written as a pure function  react/prefer-stateless-function
  9:21  error  'children' is missing in props validation       react/prop-types

/Users/thomas_williams/personal/gloomhavenHp/src/components/Mobile/MobileMonsterTracker/MonsterGroupList.jsx
   3:1   error  'Util' should be listed in the project's dependencies. Run 'npm i -S Util' to add it              import/no-extraneous-dependencies
   3:31  error  Unable to resolve path to module 'Util/helpers'                                                   import/no-unresolved
   3:31  error  Missing file extension for "Util/helpers"                                                         import/extensions
   4:8   error  'ListRow' is defined but never used                                                               no-unused-vars
   7:1   error  'Containers' should be listed in the project's dependencies. Run 'npm i -S Containers' to add it  import/no-extraneous-dependencies
   7:35  error  Unable to resolve path to module 'Containers/MonsterGroupContainer'                               import/no-unresolved
   7:35  error  Absolute imports should come before relative imports                                              import/first
   7:35  error  Missing file extension for "Containers/MonsterGroupContainer"                                     import/extensions
   9:29  error  'monsters' is missing in props validation                                                         react/prop-types
   9:39  error  'type' is missing in props validation                                                             react/prop-types
  13:1   error  Line 13 exceeds the maximum line length of 100                                                    max-len

/Users/thomas_williams/personal/gloomhavenHp/src/components/Mobile/MobileMonsterTracker/MonsterHp.jsx
   3:1   error  'Util' should be listed in the project's dependencies. Run 'npm i -S Util' to add it              import/no-extraneous-dependencies
   3:39  error  Missing file extension for "Util/css"                                                             import/extensions
   3:39  error  Unable to resolve path to module 'Util/css'                                                       import/no-unresolved
   4:1   error  'Util' should be listed in the project's dependencies. Run 'npm i -S Util' to add it              import/no-extraneous-dependencies
   4:21  error  Unable to resolve path to module 'Util/VCenter'                                                   import/no-unresolved
   4:21  error  Missing file extension for "Util/VCenter"                                                         import/extensions
   7:1   error  'Containers' should be listed in the project's dependencies. Run 'npm i -S Containers' to add it  import/no-extraneous-dependencies
   7:38  error  Unable to resolve path to module 'Containers/createMonsterHpContainer'                            import/no-unresolved
   7:38  error  Absolute imports should come before relative imports                                              import/first
   7:38  error  Missing file extension for "Containers/createMonsterHpContainer"                                  import/extensions
  24:22  error  'monster' is defined but never used                                                               no-unused-vars
  24:22  error  'monster' is missing in props validation                                                          react/prop-types
  24:31  error  'getHp' is defined but never used                                                                 no-unused-vars
  24:31  error  'getHp' is missing in props validation                                                            react/prop-types
  24:38  error  'setHp' is missing in props validation                                                            react/prop-types
  28:9   error  Visible, non-interactive elements should not have mouse or keyboard event listeners               jsx-a11y/no-static-element-interactions
  37:9   error  Visible, non-interactive elements should not have mouse or keyboard event listeners               jsx-a11y/no-static-element-interactions

/Users/thomas_williams/personal/gloomhavenHp/src/components/Mobile/MobileMonsterTracker/MonsterListRow.jsx
   6:1   error  'Util' should be listed in the project's dependencies. Run 'npm i -S Util' to add it  import/no-extraneous-dependencies
   6:21  error  Absolute imports should come before relative imports                                  import/first
   6:21  error  Unable to resolve path to module 'Util/VCenter'                                       import/no-unresolved
   6:21  error  Missing file extension for "Util/VCenter"                                             import/extensions
   7:1   error  'Util' should be listed in the project's dependencies. Run 'npm i -S Util' to add it  import/no-extraneous-dependencies
   7:39  error  Absolute imports should come before relative imports                                  import/first
   7:39  error  Unable to resolve path to module 'Util/css'                                           import/no-unresolved
   7:39  error  Missing file extension for "Util/css"                                                 import/extensions
  21:27  error  'monster' is missing in props validation                                              react/prop-types
  26:5   error  'statusEffects' is assigned a value but never used                                    no-unused-vars

/Users/thomas_williams/personal/gloomhavenHp/src/components/Mobile/MobileMonsterTracker/MonsterListView.jsx
   4:8   error  'ListSection' is defined but never used                                                           no-unused-vars
   7:1   error  'Containers' should be listed in the project's dependencies. Run 'npm i -S Containers' to add it  import/no-extraneous-dependencies
   7:39  error  Absolute imports should come before relative imports                                              import/first
   7:39  error  Unable to resolve path to module 'Containers/AllMonsterGroupsContainer'                           import/no-unresolved
   7:39  error  Missing file extension for "Containers/AllMonsterGroupsContainer"                                 import/extensions
  10:1   error  'Util' should be listed in the project's dependencies. Run 'npm i -S Util' to add it              import/no-extraneous-dependencies
  10:10  error  'css' is defined but never used                                                                   no-unused-vars
  10:15  error  'createStyleSheets' is defined but never used                                                     no-unused-vars
  10:40  error  Absolute imports should come before relative imports                                              import/first
  10:40  error  Missing file extension for "Util/css"                                                             import/extensions
  10:40  error  Unable to resolve path to module 'Util/css'                                                       import/no-unresolved
  12:7   error  'styles' is assigned a value but never used                                                       no-unused-vars
  36:13  error  'monsterGroups' is missing in props validation                                                    react/prop-types

/Users/thomas_williams/personal/gloomhavenHp/src/components/Mobile/Text.jsx
   2:1   error  'Util' should be listed in the project's dependencies. Run 'npm i -S Util' to add it  import/no-extraneous-dependencies
   2:39  error  Unable to resolve path to module 'Util/css'                                           import/no-unresolved
   2:39  error  Missing file extension for "Util/css"                                                 import/extensions
  12:17  error  'children' is missing in props validation                                             react/prop-types

/Users/thomas_williams/personal/gloomhavenHp/src/components/Shared/MonsterStatusEffects.jsx
   4:1   error  'Util' should be listed in the project's dependencies. Run 'npm i -S Util' to add it  import/no-extraneous-dependencies
   4:39  error  Unable to resolve path to module 'Util/css'                                           import/no-unresolved
   4:39  error  Missing file extension for "Util/css"                                                 import/extensions
  41:33  error  'monster' is missing in props validation                                              react/prop-types

/Users/thomas_williams/personal/gloomhavenHp/src/containers/allMonsterGroupsContainer.jsx
   2:10  error  'graphql' is defined but never used                                                   no-unused-vars
   6:1   error  'Util' should be listed in the project's dependencies. Run 'npm i -S Util' to add it  import/no-extraneous-dependencies
   6:10  error  'subscribeToData' is defined but never used                                           no-unused-vars
   6:33  error  Missing file extension for "Util/subscribe"                                           import/extensions
   6:33  error  Absolute imports should come before relative imports                                  import/first
   6:33  error  Unable to resolve path to module 'Util/subscribe'                                     import/no-unresolved
   7:1   error  'Util' should be listed in the project's dependencies. Run 'npm i -S Util' to add it  import/no-extraneous-dependencies
   8:3   error  'findValueIndex' is defined but never used                                            no-unused-vars
   9:3   error  'addValue' is defined but never used                                                  no-unused-vars
  10:3   error  'updateValue' is defined but never used                                               no-unused-vars
  11:3   error  'removeValue' is defined but never used                                               no-unused-vars
  12:8   error  Unable to resolve path to module 'Util/list'                                          import/no-unresolved
  12:8   error  Missing file extension for "Util/list"                                                import/extensions
  12:8   error  Absolute imports should come before relative imports                                  import/first
  40:28  error  'params' is defined but never used                                                    no-unused-vars
  46:1   error  Line 46 exceeds the maximum line length of 100                                        max-len
  59:18  error  'subscribeToData' is missing in props validation                                      react/prop-types

/Users/thomas_williams/personal/gloomhavenHp/src/containers/createAddMonsterContainer.jsx
   50:5   error  createInputProps should be placed after getValue     react/sort-comp
   71:19  error  'type' is assigned a value but never used            no-unused-vars
   72:41  error  'group' is missing in props validation               react/prop-types
   72:47  error  'group.monsters' is missing in props validation      react/prop-types
   72:56  error  'group.monsters.map' is missing in props validation  react/prop-types
   79:22  error  'createMonster' is missing in props validation       react/prop-types
   83:40  error  'group' is missing in props validation               react/prop-types
   83:46  error  'group.id' is missing in props validation            react/prop-types
   92:18  error  'toggle' is missing in props validation              react/prop-types
  109:17  error  'ownProps' is defined but never used                 no-unused-vars

/Users/thomas_williams/personal/gloomhavenHp/src/containers/createContainer.jsx
   1:8   error  'React' is defined but never used                                                     no-unused-vars
   3:8   error  'gql' is defined but never used                                                       no-unused-vars
   5:1   error  'Util' should be listed in the project's dependencies. Run 'npm i -S Util' to add it  import/no-extraneous-dependencies
   6:3   error  'findValueIndex' is defined but never used                                            no-unused-vars
  10:8   error  Unable to resolve path to module 'Util/list'                                          import/no-unresolved
  10:8   error  Missing file extension for "Util/list"                                                import/extensions
  18:3   error  Return statement should not contain assignment                                        no-return-assign
  18:10  error  'withData' is not defined                                                             no-undef
  23:24  error  'params' is defined but never used                                                    no-unused-vars

/Users/thomas_williams/personal/gloomhavenHp/src/containers/createMonsterHpContainer.jsx
  38:25  error  'monster' is missing in props validation        react/prop-types
  38:33  error  'monster.hp' is missing in props validation     react/prop-types
  47:20  error  'changeHp' is missing in props validation       react/prop-types
  49:28  error  'monster' is missing in props validation        react/prop-types
  49:36  error  'monster.id' is missing in props validation     react/prop-types
  53:20  error  'deleteMonster' is missing in props validation  react/prop-types
  53:45  error  'monster' is missing in props validation        react/prop-types
  53:53  error  'monster.id' is missing in props validation     react/prop-types
  71:17  error  'ownProps' is defined but never used            no-unused-vars
  84:17  error  'ownProps' is defined but never used            no-unused-vars

/Users/thomas_williams/personal/gloomhavenHp/src/containers/MonsterGroupContainer.jsx
  55:1   error  Line 55 exceeds the maximum line length of 100    max-len
  68:18  error  'subscribeToData' is missing in props validation  react/prop-types
  69:24  error  'id' is missing in props validation               react/prop-types

/Users/thomas_williams/personal/gloomhavenHp/src/index.jsx
   2:1   error  'react-dom' should be listed in the project's dependencies. Run 'npm i -S react-dom' to add it          import/no-extraneous-dependencies
   3:25  error  'browserHistory' is defined but never used                                                              no-unused-vars
   5:1   error  'apollo-client' should be listed in the project's dependencies. Run 'npm i -S apollo-client' to add it  import/no-extraneous-dependencies
  34:3   error  'document' is not defined                                                                               no-undef

/Users/thomas_williams/personal/gloomhavenHp/src/Util/css.js
  1:1   error  'aphrodite' should be listed in the project's dependencies. Run 'npm i -S aphrodite' to add it  import/no-extraneous-dependencies
  4:39  error  Use the rest parameters instead of 'arguments'                                                  prefer-rest-params

/Users/thomas_williams/personal/gloomhavenHp/src/Util/helpers.js
  1:1   error  Prefer default export                         import/prefer-default-export
  7:18  error  'str' is already declared in the upper scope  no-shadow

/Users/thomas_williams/personal/gloomhavenHp/src/Util/list.js
   6:10  error  'placeValuesAtIndex' was used before it was defined  no-use-before-define
  10:10  error  'placeValuesAtIndex' was used before it was defined  no-use-before-define
  14:10  error  'placeValuesAtIndex' was used before it was defined  no-use-before-define

/Users/thomas_williams/personal/gloomhavenHp/src/Util/queryTransforms.jsx
   3:34  warning  Unexpected unnamed function  func-names
  13:35  warning  Unexpected unnamed function  func-names
  17:36  warning  Unexpected unnamed function  func-names

/Users/thomas_williams/personal/gloomhavenHp/src/Util/Section.jsx
  6:9   error  'totalSectionsForSize' is assigned a value but never used  no-unused-vars
  6:32  error  'window' is not defined                                    no-undef
  9:31  error  Unexpected mix of '/' and '*'                              no-mixed-operators
  9:47  error  Unexpected mix of '/' and '*'                              no-mixed-operators

/Users/thomas_williams/personal/gloomhavenHp/src/Util/subscribe.js
   1:8   error    'gql' is defined but never used                                                       no-unused-vars
   4:1   error    'Util' should be listed in the project's dependencies. Run 'npm i -S Util' to add it  import/no-extraneous-dependencies
   5:3   error    'findValueIndex' is defined but never used                                            no-unused-vars
   9:8   error    Absolute imports should come before relative imports                                  import/first
   9:8   error    Missing file extension for "Util/list"                                                import/extensions
   9:8   error    Unable to resolve path to module 'Util/list'                                          import/no-unresolved
  18:10  warning  Unexpected unnamed function                                                           func-names
  29:9   error    'setupSubscription' was used before it was defined                                    no-use-before-define
  33:16  error    JSX not allowed in files with extension '.js'                                         react/jsx-filename-extension
  40:3   error    'propsToOptions' is not defined                                                       no-undef
  41:17  error    'subscriptionQuery' was used before it was defined                                    no-use-before-define
  54:5   error    Assignment to property of function parameter 'WrappedComponent'                       no-param-reassign
  56:23  error    'propsToOptions' is not defined                                                       no-undef
  85:23  warning  Unexpected console statement                                                          no-console

✖ 314 problems (309 errors, 5 warnings)

